<?xml version="1.0" encoding="UTF-8"?>
<testsuite xmlns:xsi="http://www.w3.org/2001/XMLSchema-instance" xsi:noNamespaceSchemaLocation="https://maven.apache.org/surefire/maven-surefire-plugin/xsd/surefire-test-report.xsd" version="3.0.2" name="com.emailclient.backend.email.storage.EmailOfflineStoreSchemaTest" time="0.238" tests="1" errors="0" skipped="0" failures="0">
  <properties>
[...]
</properties>
  <testcase name="initializeAddsTrashedColumnForLegacyDatabases" classname="com.emailclient.backend.email.storage.EmailOfflineStoreSchemaTest" time="0.237">
    <system-out><![CDATA[2025-11-08T02:30:50.767-05:00  INFO 85574 --- [           main] c.e.b.email.storage.EmailOfflineStore    : Added missing column 'trashed' to table 'email_messages'
2025-11-08T02:30:50.768-05:00  INFO 85574 --- [           main] c.e.b.email.storage.EmailOfflineStore    : Email messages table initialized
]]></system-out>
  </testcase>
</testsuite>