<?xml version="1.0" encoding="UTF-8"?>
<testsuite xmlns:xsi="http://www.w3.org/2001/XMLSchema-instance" xsi:noNamespaceSchemaLocation="https://maven.apache.org/surefire/maven-surefire-plugin/xsd/surefire-test-report.xsd" version="3.0.2" name="com.emailclient.backend.EmailClientBackendApplicationTests" time="1.433" tests="1" errors="0" skipped="0" failures="0">
  <properties>
[...]
</properties>
  <testcase name="contextLoads" classname="com.emailclient.backend.EmailClientBackendApplicationTests" time="0.356">
    <system-out><![CDATA[01:59:46.593 [main] INFO org.springframework.test.context.support.AnnotationConfigContextLoaderUtils -- Could not detect default configuration classes for test class [com.emailclient.backend.EmailClientBackendApplicationTests]: EmailClientBackendApplicationTests does not declare any static, non-private, non-final, nested classes annotated with @Configuration.
01:59:46.671 [main] INFO org.springframework.boot.test.context.SpringBootTestContextBootstrapper -- Found @SpringBootConfiguration com.emailclient.backend.EmailClientBackendApplication for test class com.emailclient.backend.EmailClientBackendApplicationTests

  .   ____          _            __ _ _
 /\\ / ___'_ __ _ _(_)_ __  __ _ \ \ \ \
( ( )\___ | '_ | '_| | '_ \/ _` | \ \ \ \
 \\/  ___)| |_)| | | | | || (_| |  ) ) ) )
  '  |____| .__|_| |_|_| |_\__, | / / / /
 =========|_|==============|___/=/_/_/_/

 :: Spring Boot ::                (v3.5.7)

2025-11-08T01:59:46.850-05:00  INFO 63356 --- [           main] c.e.b.EmailClientBackendApplicationTests : Starting EmailClientBackendApplicationTests using Java 25 with PID 63356 (started by nakuldesai in /Users/nakuldesai/projects/email-client/backend)
2025-11-08T01:59:46.851-05:00  INFO 63356 --- [           main] c.e.b.EmailClientBackendApplicationTests : No active profile set, falling back to 1 default profile: "default"
2025-11-08T01:59:47.242-05:00  INFO 63356 --- [           main] com.zaxxer.hikari.HikariDataSource       : HikariPool-1 - Starting...
2025-11-08T01:59:47.333-05:00  INFO 63356 --- [           main] com.zaxxer.hikari.pool.HikariPool        : HikariPool-1 - Added connection org.postgresql.jdbc.PgConnection@441fbe89
2025-11-08T01:59:47.334-05:00  INFO 63356 --- [           main] com.zaxxer.hikari.HikariDataSource       : HikariPool-1 - Start completed.
2025-11-08T01:59:47.366-05:00  INFO 63356 --- [           main] c.e.b.email.storage.EmailOfflineStore    : Email messages table initialized
2025-11-08T01:59:47.419-05:00  INFO 63356 --- [           main] g.s.a.GrpcServerFactoryAutoConfiguration : Detected grpc-netty-shaded: Creating ShadedNettyGrpcServerFactory
2025-11-08T01:59:47.549-05:00  INFO 63356 --- [           main] n.d.b.g.s.s.AbstractGrpcServerFactory    : Registered gRPC service: com.emailclient.backend.grpc.EmailService, bean: emailGrpcService, class: com.emailclient.backend.email.grpc.EmailGrpcService
2025-11-08T01:59:47.549-05:00  INFO 63356 --- [           main] n.d.b.g.s.s.AbstractGrpcServerFactory    : Registered gRPC service: grpc.health.v1.Health, bean: grpcHealthService, class: io.grpc.protobuf.services.HealthServiceImpl
2025-11-08T01:59:47.549-05:00  INFO 63356 --- [           main] n.d.b.g.s.s.AbstractGrpcServerFactory    : Registered gRPC service: grpc.reflection.v1alpha.ServerReflection, bean: protoReflectionService, class: io.grpc.protobuf.services.ProtoReflectionService
2025-11-08T01:59:47.599-05:00  INFO 63356 --- [           main] n.d.b.g.s.s.GrpcServerLifecycle          : gRPC Server started, listening on address: *, port: 58579
2025-11-08T01:59:47.604-05:00  INFO 63356 --- [           main] c.e.b.EmailClientBackendApplicationTests : Started EmailClientBackendApplicationTests in 0.871 seconds (process running for 1.339)
]]></system-out>
    <system-err><![CDATA[Mockito is currently self-attaching to enable the inline-mock-maker. This will no longer work in future releases of the JDK. Please add Mockito as an agent to your build as described in Mockito's documentation: https://javadoc.io/doc/org.mockito/mockito-core/latest/org.mockito/org/mockito/Mockito.html#0.3
WARNING: A Java agent has been loaded dynamically (/Users/nakuldesai/.m2/repository/net/bytebuddy/byte-buddy-agent/1.17.8/byte-buddy-agent-1.17.8.jar)
WARNING: If a serviceability tool is in use, please run with -XX:+EnableDynamicAgentLoading to hide this warning
WARNING: If a serviceability tool is not in use, please run with -Djdk.instrument.traceUsage for more information
WARNING: Dynamic loading of agents will be disallowed by default in a future release
]]></system-err>
  </testcase>
</testsuite>